<?xml version="1.0" encoding="UTF-8"?>
<testng-results skipped="0" failed="0" total="2" passed="2">
  <reporter-output>
  </reporter-output>
  <suite name="Default suite" duration-ms="19969" started-at="2016-07-05T08:06:28Z" finished-at="2016-07-05T08:06:48Z">
    <groups>
    </groups>
    <test name="Default test" duration-ms="19969" started-at="2016-07-05T08:06:28Z" finished-at="2016-07-05T08:06:48Z">
      <class name="com.epam.automation.tests.TestWikiClass">
        <test-method status="PASS" signature="firstTestWiki()[pri:1, instance:com.epam.automation.tests.TestWikiClass@3a2053]" name="firstTestWiki" duration-ms="10688" started-at="2016-07-05T11:06:28Z" finished-at="2016-07-05T11:06:39Z">
          <reporter-output>
          </reporter-output>
        </test-method> <!-- firstTestWiki -->
        <test-method status="PASS" signature="secondTestWiki()[pri:2, instance:com.epam.automation.tests.TestWikiClass@3a2053]" name="secondTestWiki" duration-ms="9234" started-at="2016-07-05T11:06:39Z" finished-at="2016-07-05T11:06:48Z">
          <reporter-output>
          </reporter-output>
        </test-method> <!-- secondTestWiki -->
      </class> <!-- com.epam.automation.tests.TestWikiClass -->
    </test> <!-- Default test -->
  </suite> <!-- Default suite -->
</testng-results>
